This is pdfTeX, Version 3.14159265-2.6-1.40.20 (MiKTeX 2.9.7140 64-bit) (preloaded format=pdflatex 2019.8.20)  2 SEP 2019 15:07
entering extended mode
**./memoire.tex
(memoire.tex
LaTeX2e <2018-12-01>
("C:\Users\Alex\AppData\Local\Programs\MiKTeX 2.9\tex/latex/base\book.cls"
Document Class: book 2018/09/03 v1.4i Standard LaTeX document class
("C:\Users\Alex\AppData\Local\Programs\MiKTeX 2.9\tex/latex/base\bk12.clo"
File: bk12.clo 2018/09/03 v1.4i Standard LaTeX file (size option)
)
\c@part=\count80
\c@chapter=\count81
\c@section=\count82
\c@subsection=\count83
\c@subsubsection=\count84
\c@paragraph=\count85
\c@subparagraph=\count86
\c@figure=\count87
\c@table=\count88
\abovecaptionskip=\skip41
\belowcaptionskip=\skip42
\bibindent=\dimen102
)
("C:\Users\Alex\AppData\Local\Programs\MiKTeX 2.9\tex/latex/csvsimple\csvsimple
.sty"
Package: csvsimple 2019/04/09 version 1.21 LaTeX CSV file processing

("C:\Users\Alex\AppData\Local\Programs\MiKTeX 2.9\tex/latex/pgf/utilities\pgfrc
s.sty"
("C:\Users\Alex\AppData\Local\Programs\MiKTeX 2.9\tex/generic/pgf/utilities\pgf
util-common.tex"
\pgfutil@everybye=\toks14
\pgfutil@tempdima=\dimen103
\pgfutil@tempdimb=\dimen104

("C:\Users\Alex\AppData\Local\Programs\MiKTeX 2.9\tex/generic/pgf/utilities\pgf
util-common-lists.tex"))
("C:\Users\Alex\AppData\Local\Programs\MiKTeX 2.9\tex/generic/pgf/utilities\pgf
util-latex.def"
\pgfutil@abb=\box27

("C:\Users\Alex\AppData\Local\Programs\MiKTeX 2.9\tex/latex/ms\everyshi.sty"
Package: everyshi 2001/05/15 v3.00 EveryShipout Package (MS)
))
("C:\Users\Alex\AppData\Local\Programs\MiKTeX 2.9\tex/generic/pgf/utilities\pgf
rcs.code.tex"
("C:\Users\Alex\AppData\Local\Programs\MiKTeX 2.9\tex/generic/pgf\pgf.revision.
tex")
Package: pgfrcs 2019/08/03 v3.1.4b (3.1.4b)
))
("C:\Users\Alex\AppData\Local\Programs\MiKTeX 2.9\tex/latex/pgf/utilities\pgfke
ys.sty"
("C:\Users\Alex\AppData\Local\Programs\MiKTeX 2.9\tex/generic/pgf/utilities\pgf
keys.code.tex"
\pgfkeys@pathtoks=\toks15
\pgfkeys@temptoks=\toks16

("C:\Users\Alex\AppData\Local\Programs\MiKTeX 2.9\tex/generic/pgf/utilities\pgf
keysfiltered.code.tex"
\pgfkeys@tmptoks=\toks17
)))
("C:\Users\Alex\AppData\Local\Programs\MiKTeX 2.9\tex/latex/base\ifthen.sty"
Package: ifthen 2014/09/29 v1.1c Standard LaTeX ifthen package (DPC)
)
("C:\Users\Alex\AppData\Local\Programs\MiKTeX 2.9\tex/latex/etoolbox\etoolbox.s
ty"
Package: etoolbox 2018/08/19 v2.5f e-TeX tools for LaTeX (JAW)
\etb@tempcnta=\count89
)
("C:\Users\Alex\AppData\Local\Programs\MiKTeX 2.9\tex/latex/tools\shellesc.sty"
Package: shellesc 2016/06/07 v0.02a unified shell escape interface for LaTeX
Package shellesc Info: Restricted shell escape enabled on input line 69.
)
\csv@file=\read1
\c@csvinputline=\count90
\c@csvrow=\count91
\c@csvcol=\count92
\csv@out=\write3
) ("C:\Users\Alex\AppData\Local\Programs\MiKTeX 2.9\tex/generic/babel\babel.sty
"
Package: babel 2019/07/19 3.33 The Babel package

("C:\Users\Alex\AppData\Local\Programs\MiKTeX 2.9\tex/generic/babel\switch.def"
File: switch.def 2019/07/19 3.33 Babel switching mechanism
)
*************************************
* Local config file bblopts.cfg used
*
("C:\Users\Alex\AppData\Local\Programs\MiKTeX 2.9\tex/latex/arabi\bblopts.cfg"
File: bblopts.cfg 2005/09/08 v0.1 add Arabic and Farsi to "declared" options of
 babel
)
("C:\Users\Alex\AppData\Local\Programs\MiKTeX 2.9\tex/generic/babel-french\fren
ch.ldf"
Language: french 2019/03/30 v3.5e French support from the babel system

("C:\Users\Alex\AppData\Local\Programs\MiKTeX 2.9\tex/generic/babel\babel.def"
File: babel.def 2019/07/19 3.33 Babel common definitions
\babel@savecnt=\count93
\U@D=\dimen105

("C:\Users\Alex\AppData\Local\Programs\MiKTeX 2.9\tex/generic/babel\txtbabel.de
f")
\bbl@dirlevel=\count94
)
\l@acadian = a dialect from \language\l@french 
\FB@nonchar=\count95
Package babel Info: Making : an active character on input line 414.
Package babel Info: Making ; an active character on input line 415.
Package babel Info: Making ! an active character on input line 416.
Package babel Info: Making ? an active character on input line 417.
\FBguill@level=\count96
\FBold@everypar=\toks18
\FB@Mht=\dimen106
\mc@charclass=\count97
\mc@charfam=\count98
\mc@charslot=\count99
\std@mcc=\count100
\dec@mcc=\count101
\c@FBcaption@count=\count102
\listindentFB=\dimen107
\descindentFB=\dimen108
\labelindentFB=\dimen109
\labelwidthFB=\dimen110
\leftmarginFB=\dimen111
\parindentFFN=\dimen112
\FBfnindent=\dimen113
))
("C:\Users\Alex\AppData\Local\Programs\MiKTeX 2.9\tex/latex/carlisle\scalefnt.s
ty")
("C:\Users\Alex\AppData\Local\Programs\MiKTeX 2.9\tex/latex/graphics\keyval.sty
"
Package: keyval 2014/10/28 v1.15 key=value parser (DPC)
\KV@toks@=\toks19
)
("C:\Users\Alex\AppData\Local\Programs\MiKTeX 2.9\tex/latex/graphics\graphicx.s
ty"
Package: graphicx 2017/06/01 v1.1a Enhanced LaTeX Graphics (DPC,SPQR)

("C:\Users\Alex\AppData\Local\Programs\MiKTeX 2.9\tex/latex/graphics\graphics.s
ty"
Package: graphics 2017/06/25 v1.2c Standard LaTeX Graphics (DPC,SPQR)

("C:\Users\Alex\AppData\Local\Programs\MiKTeX 2.9\tex/latex/graphics\trig.sty"
Package: trig 2016/01/03 v1.10 sin cos tan (DPC)
)
("C:\Users\Alex\AppData\Local\Programs\MiKTeX 2.9\tex/latex/graphics-cfg\graphi
cs.cfg"
File: graphics.cfg 2016/06/04 v1.11 sample graphics configuration
)
Package graphics Info: Driver file: pdftex.def on input line 99.

("C:\Users\Alex\AppData\Local\Programs\MiKTeX 2.9\tex/latex/graphics-def\pdftex
.def"
File: pdftex.def 2018/01/08 v1.0l Graphics/color driver for pdftex
))
\Gin@req@height=\dimen114
\Gin@req@width=\dimen115
)
("C:\Users\Alex\AppData\Local\Programs\MiKTeX 2.9\tex/latex/base\fontenc.sty"
Package: fontenc 2018/08/11 v2.0j Standard LaTeX package

("C:\Users\Alex\AppData\Local\Programs\MiKTeX 2.9\tex/latex/base\t1enc.def"
File: t1enc.def 2018/08/11 v2.0j Standard LaTeX file
LaTeX Font Info:    Redeclaring font encoding T1 on input line 48.
))
("C:\Users\Alex\AppData\Local\Programs\MiKTeX 2.9\tex/latex/base\textcomp.sty"
Package: textcomp 2018/08/11 v2.0j Standard LaTeX package
Package textcomp Info: Sub-encoding information:
(textcomp)               5 = only ISO-Adobe without \textcurrency
(textcomp)               4 = 5 + \texteuro
(textcomp)               3 = 4 + \textohm
(textcomp)               2 = 3 + \textestimated + \textcurrency
(textcomp)               1 = TS1 - \textcircled - \t
(textcomp)               0 = TS1 (full)
(textcomp)             Font families with sub-encoding setting implement
(textcomp)             only a restricted character set as indicated.
(textcomp)             Family '?' is the default used for unknown fonts.
(textcomp)             See the documentation for details.
Package textcomp Info: Setting ? sub-encoding to TS1/1 on input line 79.

("C:\Users\Alex\AppData\Local\Programs\MiKTeX 2.9\tex/latex/base\ts1enc.def"
File: ts1enc.def 2001/06/05 v3.0e (jk/car/fm) Standard LaTeX file
Now handling font encoding TS1 ...
... processing UTF-8 mapping file for font encoding TS1

("C:\Users\Alex\AppData\Local\Programs\MiKTeX 2.9\tex/latex/base\ts1enc.dfu"
File: ts1enc.dfu 2018/10/05 v1.2f UTF-8 support for inputenc
   defining Unicode char U+00A2 (decimal 162)
   defining Unicode char U+00A3 (decimal 163)
   defining Unicode char U+00A4 (decimal 164)
   defining Unicode char U+00A5 (decimal 165)
   defining Unicode char U+00A6 (decimal 166)
   defining Unicode char U+00A7 (decimal 167)
   defining Unicode char U+00A8 (decimal 168)
   defining Unicode char U+00A9 (decimal 169)
   defining Unicode char U+00AA (decimal 170)
   defining Unicode char U+00AC (decimal 172)
   defining Unicode char U+00AE (decimal 174)
   defining Unicode char U+00AF (decimal 175)
   defining Unicode char U+00B0 (decimal 176)
   defining Unicode char U+00B1 (decimal 177)
   defining Unicode char U+00B2 (decimal 178)
   defining Unicode char U+00B3 (decimal 179)
   defining Unicode char U+00B4 (decimal 180)
   defining Unicode char U+00B5 (decimal 181)
   defining Unicode char U+00B6 (decimal 182)
   defining Unicode char U+00B7 (decimal 183)
   defining Unicode char U+00B9 (decimal 185)
   defining Unicode char U+00BA (decimal 186)
   defining Unicode char U+00BC (decimal 188)
   defining Unicode char U+00BD (decimal 189)
   defining Unicode char U+00BE (decimal 190)
   defining Unicode char U+00D7 (decimal 215)
   defining Unicode char U+00F7 (decimal 247)
   defining Unicode char U+0192 (decimal 402)
   defining Unicode char U+02C7 (decimal 711)
   defining Unicode char U+02D8 (decimal 728)
   defining Unicode char U+02DD (decimal 733)
   defining Unicode char U+0E3F (decimal 3647)
   defining Unicode char U+2016 (decimal 8214)
   defining Unicode char U+2020 (decimal 8224)
   defining Unicode char U+2021 (decimal 8225)
   defining Unicode char U+2022 (decimal 8226)
   defining Unicode char U+2030 (decimal 8240)
   defining Unicode char U+2031 (decimal 8241)
   defining Unicode char U+203B (decimal 8251)
   defining Unicode char U+203D (decimal 8253)
   defining Unicode char U+2044 (decimal 8260)
   defining Unicode char U+204E (decimal 8270)
   defining Unicode char U+2052 (decimal 8274)
   defining Unicode char U+20A1 (decimal 8353)
   defining Unicode char U+20A4 (decimal 8356)
   defining Unicode char U+20A6 (decimal 8358)
   defining Unicode char U+20A9 (decimal 8361)
   defining Unicode char U+20AB (decimal 8363)
   defining Unicode char U+20AC (decimal 8364)
   defining Unicode char U+20B1 (decimal 8369)
   defining Unicode char U+2103 (decimal 8451)
   defining Unicode char U+2116 (decimal 8470)
   defining Unicode char U+2117 (decimal 8471)
   defining Unicode char U+211E (decimal 8478)
   defining Unicode char U+2120 (decimal 8480)
   defining Unicode char U+2122 (decimal 8482)
   defining Unicode char U+2126 (decimal 8486)
   defining Unicode char U+2127 (decimal 8487)
   defining Unicode char U+212E (decimal 8494)
   defining Unicode char U+2190 (decimal 8592)
   defining Unicode char U+2191 (decimal 8593)
   defining Unicode char U+2192 (decimal 8594)
   defining Unicode char U+2193 (decimal 8595)
   defining Unicode char U+2329 (decimal 9001)
   defining Unicode char U+232A (decimal 9002)
   defining Unicode char U+2422 (decimal 9250)
   defining Unicode char U+25E6 (decimal 9702)
   defining Unicode char U+25EF (decimal 9711)
   defining Unicode char U+266A (decimal 9834)
   defining Unicode char U+FEFF (decimal 65279)
))
LaTeX Info: Redefining \oldstylenums on input line 334.
Package textcomp Info: Setting cmr sub-encoding to TS1/0 on input line 349.
Package textcomp Info: Setting cmss sub-encoding to TS1/0 on input line 350.
Package textcomp Info: Setting cmtt sub-encoding to TS1/0 on input line 351.
Package textcomp Info: Setting cmvtt sub-encoding to TS1/0 on input line 352.
Package textcomp Info: Setting cmbr sub-encoding to TS1/0 on input line 353.
Package textcomp Info: Setting cmtl sub-encoding to TS1/0 on input line 354.
Package textcomp Info: Setting ccr sub-encoding to TS1/0 on input line 355.
Package textcomp Info: Setting ptm sub-encoding to TS1/4 on input line 356.
Package textcomp Info: Setting pcr sub-encoding to TS1/4 on input line 357.
Package textcomp Info: Setting phv sub-encoding to TS1/4 on input line 358.
Package textcomp Info: Setting ppl sub-encoding to TS1/3 on input line 359.
Package textcomp Info: Setting pag sub-encoding to TS1/4 on input line 360.
Package textcomp Info: Setting pbk sub-encoding to TS1/4 on input line 361.
Package textcomp Info: Setting pnc sub-encoding to TS1/4 on input line 362.
Package textcomp Info: Setting pzc sub-encoding to TS1/4 on input line 363.
Package textcomp Info: Setting bch sub-encoding to TS1/4 on input line 364.
Package textcomp Info: Setting put sub-encoding to TS1/5 on input line 365.
Package textcomp Info: Setting uag sub-encoding to TS1/5 on input line 366.
Package textcomp Info: Setting ugq sub-encoding to TS1/5 on input line 367.
Package textcomp Info: Setting ul8 sub-encoding to TS1/4 on input line 368.
Package textcomp Info: Setting ul9 sub-encoding to TS1/4 on input line 369.
Package textcomp Info: Setting augie sub-encoding to TS1/5 on input line 370.
Package textcomp Info: Setting dayrom sub-encoding to TS1/3 on input line 371.
Package textcomp Info: Setting dayroms sub-encoding to TS1/3 on input line 372.

Package textcomp Info: Setting pxr sub-encoding to TS1/0 on input line 373.
Package textcomp Info: Setting pxss sub-encoding to TS1/0 on input line 374.
Package textcomp Info: Setting pxtt sub-encoding to TS1/0 on input line 375.
Package textcomp Info: Setting txr sub-encoding to TS1/0 on input line 376.
Package textcomp Info: Setting txss sub-encoding to TS1/0 on input line 377.
Package textcomp Info: Setting txtt sub-encoding to TS1/0 on input line 378.
Package textcomp Info: Setting lmr sub-encoding to TS1/0 on input line 379.
Package textcomp Info: Setting lmdh sub-encoding to TS1/0 on input line 380.
Package textcomp Info: Setting lmss sub-encoding to TS1/0 on input line 381.
Package textcomp Info: Setting lmssq sub-encoding to TS1/0 on input line 382.
Package textcomp Info: Setting lmvtt sub-encoding to TS1/0 on input line 383.
Package textcomp Info: Setting lmtt sub-encoding to TS1/0 on input line 384.
Package textcomp Info: Setting qhv sub-encoding to TS1/0 on input line 385.
Package textcomp Info: Setting qag sub-encoding to TS1/0 on input line 386.
Package textcomp Info: Setting qbk sub-encoding to TS1/0 on input line 387.
Package textcomp Info: Setting qcr sub-encoding to TS1/0 on input line 388.
Package textcomp Info: Setting qcs sub-encoding to TS1/0 on input line 389.
Package textcomp Info: Setting qpl sub-encoding to TS1/0 on input line 390.
Package textcomp Info: Setting qtm sub-encoding to TS1/0 on input line 391.
Package textcomp Info: Setting qzc sub-encoding to TS1/0 on input line 392.
Package textcomp Info: Setting qhvc sub-encoding to TS1/0 on input line 393.
Package textcomp Info: Setting futs sub-encoding to TS1/4 on input line 394.
Package textcomp Info: Setting futx sub-encoding to TS1/4 on input line 395.
Package textcomp Info: Setting futj sub-encoding to TS1/4 on input line 396.
Package textcomp Info: Setting hlh sub-encoding to TS1/3 on input line 397.
Package textcomp Info: Setting hls sub-encoding to TS1/3 on input line 398.
Package textcomp Info: Setting hlst sub-encoding to TS1/3 on input line 399.
Package textcomp Info: Setting hlct sub-encoding to TS1/5 on input line 400.
Package textcomp Info: Setting hlx sub-encoding to TS1/5 on input line 401.
Package textcomp Info: Setting hlce sub-encoding to TS1/5 on input line 402.
Package textcomp Info: Setting hlcn sub-encoding to TS1/5 on input line 403.
Package textcomp Info: Setting hlcw sub-encoding to TS1/5 on input line 404.
Package textcomp Info: Setting hlcf sub-encoding to TS1/5 on input line 405.
Package textcomp Info: Setting pplx sub-encoding to TS1/3 on input line 406.
Package textcomp Info: Setting pplj sub-encoding to TS1/3 on input line 407.
Package textcomp Info: Setting ptmx sub-encoding to TS1/4 on input line 408.
Package textcomp Info: Setting ptmj sub-encoding to TS1/4 on input line 409.
) ("C:\Users\Alex\AppData\Local\Programs\MiKTeX 2.9\tex/latex/eurosym\eurosym.s
ty"
Package: eurosym 1998/08/06 v1.1 European currency symbol ``Euro''
\@eurobox=\box28
)
("C:\Users\Alex\AppData\Local\Programs\MiKTeX 2.9\tex/latex/amscls\amsthm.sty"
Package: amsthm 2017/10/31 v2.20.4
\thm@style=\toks20
\thm@bodyfont=\toks21
\thm@headfont=\toks22
\thm@notefont=\toks23
\thm@headpunct=\toks24
\thm@preskip=\skip43
\thm@postskip=\skip44
\thm@headsep=\skip45
\dth@everypar=\toks25
)
\c@prop=\count103
(memoire.aux)
\openout1 = `memoire.aux'.

LaTeX Font Info:    Checking defaults for OML/cmm/m/it on input line 17.
LaTeX Font Info:    ... okay on input line 17.
LaTeX Font Info:    Checking defaults for T1/cmr/m/n on input line 17.
LaTeX Font Info:    ... okay on input line 17.
LaTeX Font Info:    Checking defaults for OT1/cmr/m/n on input line 17.
LaTeX Font Info:    ... okay on input line 17.
LaTeX Font Info:    Checking defaults for OMS/cmsy/m/n on input line 17.
LaTeX Font Info:    ... okay on input line 17.
LaTeX Font Info:    Checking defaults for OMX/cmex/m/n on input line 17.
LaTeX Font Info:    ... okay on input line 17.
LaTeX Font Info:    Checking defaults for U/cmr/m/n on input line 17.
LaTeX Font Info:    ... okay on input line 17.
LaTeX Font Info:    Checking defaults for TS1/cmr/m/n on input line 17.
LaTeX Font Info:    Try loading font information for TS1+cmr on input line 17.

("C:\Users\Alex\AppData\Local\Programs\MiKTeX 2.9\tex/latex/base\ts1cmr.fd"
File: ts1cmr.fd 2014/09/29 v2.5h Standard LaTeX font definitions
)
LaTeX Font Info:    ... okay on input line 17.

ABD: EveryShipout initializing macros
LaTeX Info: Redefining \degres on input line 17.
LaTeX Info: Redefining \dots on input line 17.
LaTeX Info: Redefining \up on input line 17.

("C:\Users\Alex\AppData\Local\Programs\MiKTeX 2.9\tex/context/base/mkii\supp-pd
f.mkii"
[Loading MPS to PDF converter (version 2006.09.02).]
\scratchcounter=\count104
\scratchdimen=\dimen116
\scratchbox=\box29
\nofMPsegments=\count105
\nofMParguments=\count106
\everyMPshowfont=\toks26
\MPscratchCnt=\count107
\MPscratchDim=\dimen117
\MPnumerator=\count108
\makeMPintoPDFobject=\count109
\everyMPtoPDFconversion=\toks27
)
("C:\Users\Alex\AppData\Local\Programs\MiKTeX 2.9\tex/latex/oberdiek\epstopdf-b
ase.sty"
Package: epstopdf-base 2016/05/15 v2.6 Base part for package epstopdf

("C:\Users\Alex\AppData\Local\Programs\MiKTeX 2.9\tex/generic/oberdiek\infwarer
r.sty"
Package: infwarerr 2016/05/16 v1.4 Providing info/warning/error messages (HO)
)
("C:\Users\Alex\AppData\Local\Programs\MiKTeX 2.9\tex/latex/oberdiek\grfext.sty
"
Package: grfext 2016/05/16 v1.2 Manage graphics extensions (HO)

("C:\Users\Alex\AppData\Local\Programs\MiKTeX 2.9\tex/generic/oberdiek\kvdefine
keys.sty"
Package: kvdefinekeys 2016/05/16 v1.4 Define keys (HO)

("C:\Users\Alex\AppData\Local\Programs\MiKTeX 2.9\tex/generic/oberdiek\ltxcmds.
sty"
Package: ltxcmds 2016/05/16 v1.23 LaTeX kernel commands for general use (HO)
)))
("C:\Users\Alex\AppData\Local\Programs\MiKTeX 2.9\tex/latex/oberdiek\kvoptions.
sty"
Package: kvoptions 2016/05/16 v3.12 Key value format for package options (HO)

("C:\Users\Alex\AppData\Local\Programs\MiKTeX 2.9\tex/generic/oberdiek\kvsetkey
s.sty"
Package: kvsetkeys 2016/05/16 v1.17 Key value parser (HO)

("C:\Users\Alex\AppData\Local\Programs\MiKTeX 2.9\tex/generic/oberdiek\etexcmds
.sty"
Package: etexcmds 2016/05/16 v1.6 Avoid name clashes with e-TeX commands (HO)

("C:\Users\Alex\AppData\Local\Programs\MiKTeX 2.9\tex/generic/oberdiek\ifluatex
.sty"
Package: ifluatex 2016/05/16 v1.4 Provides the ifluatex switch (HO)
Package ifluatex Info: LuaTeX not detected.
))))
("C:\Users\Alex\AppData\Local\Programs\MiKTeX 2.9\tex/generic/oberdiek\pdftexcm
ds.sty"
Package: pdftexcmds 2019/07/25 v0.30 Utility functions of pdfTeX for LuaTeX (HO
)

("C:\Users\Alex\AppData\Local\Programs\MiKTeX 2.9\tex/generic/oberdiek\ifpdf.st
y"
Package: ifpdf 2018/09/07 v3.3 Provides the ifpdf switch
)
Package pdftexcmds Info: LuaTeX not detected.
Package pdftexcmds Info: \pdf@primitive is available.
Package pdftexcmds Info: \pdf@ifprimitive is available.
Package pdftexcmds Info: \pdfdraftmode found.
)
Package epstopdf-base Info: Redefining graphics rule for `.eps' on input line 4
38.
Package grfext Info: Graphics extension search list:
(grfext)             [.pdf,.png,.jpg,.mps,.jpeg,.jbig2,.jb2,.PDF,.PNG,.JPG,.JPE
G,.JBIG2,.JB2,.eps]
(grfext)             \AppendGraphicsExtensions on input line 456.
) (memoire.toc
LaTeX Font Info:    External font `cmex10' loaded for size
(Font)              <12> on input line 2.
LaTeX Font Info:    External font `cmex10' loaded for size
(Font)              <8> on input line 2.
LaTeX Font Info:    External font `cmex10' loaded for size
(Font)              <6> on input line 2.
 [1


{C:/Users/Alex/AppData/Local/MiKTeX/2.9/pdftex/config/pdftex.map}])
\tf@toc=\write4
\openout4 = `memoire.toc'.

 [2] [3]
Underfull \vbox (badness 4752) has occurred while \output is active []

 [4]
[5] [6

]
Chapitre 1.
[7]
Overfull \hbox (2.12909pt too wide) in paragraph at lines 64--65
[]\T1/cmr/m/n/12 En plus d'éli-mi-ner la pro-vi-sion pour la phase de cré-dit, 
nous fe-rons d'autres
 []


Underfull \vbox (badness 10000) has occurred while \output is active []

 [8]
Underfull \vbox (badness 4752) has occurred while \output is active []

 [9]
[10] [11] [12]
<Simulation_encours/graph1_euribor1a_taux_pel_epargne.png, id=53, 462.528pt x 3
46.896pt>
File: Simulation_encours/graph1_euribor1a_taux_pel_epargne.png Graphic file (ty
pe png)
<use Simulation_encours/graph1_euribor1a_taux_pel_epargne.png>
Package pdftex.def Info: Simulation_encours/graph1_euribor1a_taux_pel_epargne.p
ng  used on input line 157.
(pdftex.def)             Requested size: 341.44667pt x 256.08499pt.
 [13 <./Simulation_encours/graph1_euribor1a_taux_pel_epargne.png>] [14]
Overfull \hbox (2.55002pt too wide) in paragraph at lines 188--189
[]\T1/cmr/m/n/12 Notez que lorsque les taux du mar-ché sont plus éle-vés que le
 taux d'épargne
 []

[15]
LaTeX Font Info:    External font `cmex10' loaded for size
(Font)              <7> on input line 218.
LaTeX Font Info:    External font `cmex10' loaded for size
(Font)              <5> on input line 218.
 [16] [17] [18] [19] [20] [21] [22] [23] [24] [25]
Overfull \hbox (7.57512pt too wide) in paragraph at lines 394--395
[]\T1/cmr/m/n/12 Pour le cas du taux de clô-ture et des ver-se-ments as-so-cie 
a la base Stock_Pel,
 []

[26]

LaTeX Warning: `!h' float specifier changed to `!ht'.

[27] [28] [29]
<Simulation_encours/graph_taux_clotures.png, id=117, 462.528pt x 346.896pt>
File: Simulation_encours/graph_taux_clotures.png Graphic file (type png)
<use Simulation_encours/graph_taux_clotures.png>
Package pdftex.def Info: Simulation_encours/graph_taux_clotures.png  used on in
put line 459.
(pdftex.def)             Requested size: 455.26457pt x 284.54124pt.

Overfull \hbox (65.26457pt too wide) in paragraph at lines 459--460
 [][] 
 []


LaTeX Warning: `!h' float specifier changed to `!ht'.

<Simulation_encours/graph_taux_versements.png, id=118, 987.2082pt x 484.9317pt>

File: Simulation_encours/graph_taux_versements.png Graphic file (type png)
<use Simulation_encours/graph_taux_versements.png>
Package pdftex.def Info: Simulation_encours/graph_taux_versements.png  used on 
input line 467.
(pdftex.def)             Requested size: 455.25105pt x 284.53853pt.

Overfull \hbox (65.25105pt too wide) in paragraph at lines 467--468
 [][] 
 []


LaTeX Warning: `!h' float specifier changed to `!ht'.

[30]
<E_cloture.png, id=122, 462.528pt x 346.896pt>
File: E_cloture.png Graphic file (type png)
<use E_cloture.png>
Package pdftex.def Info: E_cloture.png  used on input line 490.
(pdftex.def)             Requested size: 455.26457pt x 284.54124pt.

Overfull \hbox (65.26457pt too wide) in paragraph at lines 490--492
 [][] 
 []


LaTeX Warning: `!h' float specifier changed to `!ht'.

[31 <./Simulation_encours/graph_taux_clotures.png>]

LaTeX Warning: `!h' float specifier changed to `!ht'.


Overfull \hbox (22.51527pt too wide) in paragraph at lines 510--510
[]\T1/cmr/bx/n/14.4 Modèle sans ca-rac-té-ris-tiques in-di-vi-duelles de contra
ts 
 []

[32 <./Simulation_encours/graph_taux_versements.png>]
Underfull \vbox (badness 1097) has occurred while \output is active []

 [33 <./E_cloture.png>] [34] [35]
Underfull \vbox (badness 4752) has occurred while \output is active []

 [36]
[37] [38

]
Chapitre 2.
[39]
Underfull \vbox (badness 2435) has occurred while \output is active []

 [40]
[41] [42]
LaTeX Font Info:    External font `cmex10' loaded for size
(Font)              <17.28> on input line 637.
 [43] [44] [45] [46] [47] [48] [49]
Overfull \hbox (28.92543pt too wide) in paragraph at lines 796--797
[]\T1/cmr/m/n/12 Pour cela on a uti-lisé la func-tion \T1/cmr/m/it/12 in-terp1d
 \T1/cmr/m/n/12 de la li-brai-rie py-thon \T1/cmr/m/it/12 scipy.interpolate\T1/
cmr/m/n/12 .
 []

<courbeEuribor.png, id=188, 462.528pt x 346.896pt>
File: courbeEuribor.png Graphic file (type png)
<use courbeEuribor.png>
Package pdftex.def Info: courbeEuribor.png  used on input line 802.
(pdftex.def)             Requested size: 455.26457pt x 284.54124pt.

Overfull \hbox (65.26457pt too wide) in paragraph at lines 802--803
 [][] 
 []


LaTeX Warning: `!h' float specifier changed to `!ht'.

[50] [51 <./courbeEuribor.png>] [52]
<surface_risque.png, id=199, 462.528pt x 346.896pt>
File: surface_risque.png Graphic file (type png)
<use surface_risque.png>
Package pdftex.def Info: surface_risque.png  used on input line 848.
(pdftex.def)             Requested size: 455.26457pt x 284.54124pt.

Overfull \hbox (65.26457pt too wide) in paragraph at lines 848--849
 [][] 
 []

[53 <./surface_risque.png>] [54] [55]
<courbeOAT.png, id=211, 462.528pt x 346.896pt>
File: courbeOAT.png Graphic file (type png)
<use courbeOAT.png>
Package pdftex.def Info: courbeOAT.png  used on input line 887.
(pdftex.def)             Requested size: 455.26457pt x 284.54124pt.

Overfull \hbox (65.26457pt too wide) in paragraph at lines 887--888
 [][] 
 []

[56 <./courbeOAT.png>]
<euribor3m_vs_moy_3m.png, id=216, 462.528pt x 346.896pt>
File: euribor3m_vs_moy_3m.png Graphic file (type png)
<use euribor3m_vs_moy_3m.png>
Package pdftex.def Info: euribor3m_vs_moy_3m.png  used on input line 908.
(pdftex.def)             Requested size: 455.26457pt x 284.54124pt.

Overfull \hbox (65.26457pt too wide) in paragraph at lines 908--909
 [][] 
 []


Underfull \vbox (badness 2005) has occurred while \output is active []

 [57 <./euribor3m_vs_moy_3m.png>] [58]
<loi_empirique.png, id=224, 462.528pt x 346.896pt>
File: loi_empirique.png Graphic file (type png)
<use loi_empirique.png>
Package pdftex.def Info: loi_empirique.png  used on input line 957.
(pdftex.def)             Requested size: 455.26457pt x 284.54124pt.

Overfull \hbox (65.26457pt too wide) in paragraph at lines 957--959
 [][] 
 []

[59]

LaTeX Warning: `!h' float specifier changed to `!ht'.

[60 <./loi_empirique.png>]
Underfull \vbox (badness 7704) has occurred while \output is active []

 [61]
<Population_homogene/loi_empirique.png, id=237, 462.528pt x 346.896pt>
File: Population_homogene/loi_empirique.png Graphic file (type png)
<use Population_homogene/loi_empirique.png>
Package pdftex.def Info: Population_homogene/loi_empirique.png  used on input l
ine 985.
(pdftex.def)             Requested size: 455.26457pt x 284.54124pt.

Overfull \hbox (65.26457pt too wide) in paragraph at lines 985--987
 [][] 
 []


LaTeX Warning: `!h' float specifier changed to `!ht'.

[62 <./Population_homogene/loi_empirique.png>]
LaTeX Font Info:    Font shape `U/eurosym/m/it' in size <12> not available
(Font)              Font shape `U/eurosym/m/sl' tried instead on input line 998
.
 [63] [64] [65]
<encours_min_sr_vs_r.png, id=252, 462.528pt x 346.896pt>
File: encours_min_sr_vs_r.png Graphic file (type png)
<use encours_min_sr_vs_r.png>
Package pdftex.def Info: encours_min_sr_vs_r.png  used on input line 1062.
(pdftex.def)             Requested size: 455.26457pt x 284.54124pt.

Overfull \hbox (65.26457pt too wide) in paragraph at lines 1062--1064
 [][] 
 []


LaTeX Warning: `!h' float specifier changed to `!ht'.

<loi_empirique_e.png, id=253, 462.528pt x 346.896pt>
File: loi_empirique_e.png Graphic file (type png)
<use loi_empirique_e.png>
Package pdftex.def Info: loi_empirique_e.png  used on input line 1072.
(pdftex.def)             Requested size: 455.26457pt x 284.54124pt.

Overfull \hbox (65.26457pt too wide) in paragraph at lines 1072--1074
 [][] 
 []


LaTeX Warning: `!h' float specifier changed to `!ht'.


LaTeX Warning: `!h' float specifier changed to `!ht'.

[66]
Overfull \vbox (49.12863pt too high) has occurred while \output is active []


[67 <./encours_min_sr_vs_r.png>] [68 <./loi_empirique_e.png>]
Overfull \hbox (0.29523pt too wide) detected at line 1110
\OML/cmm/m/it/12 E\OT1/cmr/m/n/12 [\OML/cmm/m/it/12 x[]\OT1/cmr/m/n/12 ] = \OML
/cmm/m/it/12 [] [][] e[]du \OT1/cmr/m/n/12 = \OML/cmm/m/it/12 [] [][] e[]du \
OMS/cmsy/m/n/12 ! \OML/cmm/m/it/12 [] [][] e[]du \OT1/cmr/m/n/12 = []\OML/cmm/
m/it/12 :
 []

[69]
Underfull \vbox (badness 4752) has occurred while \output is active []

 [70]
[71] [72

] [73] [74]
Annexe A.
[75

] [76]

LaTeX Warning: `!h' float specifier changed to `!ht'.


Underfull \vbox (badness 4927) has occurred while \output is active []

 [77]
[78]
Underfull \vbox (badness 10000) has occurred while \output is active []

 [79]
[80] [81] [82

]
Annexe B.

LaTeX Warning: `!h' float specifier changed to `!ht'.

[83] [84]
Annexe C.
LaTeX Font Info:    Try loading font information for T1+cmtt on input line 1283
.
("C:\Users\Alex\AppData\Local\Programs\MiKTeX 2.9\tex/latex/base\t1cmtt.fd"
File: t1cmtt.fd 2014/09/29 v2.5h Standard LaTeX font definitions
)
[85

]
Overfull \hbox (34.37782pt too wide) in paragraph at lines 1476--1476
[]        \T1/cmtt/m/n/10.95 correspond a i mois après janvier 1999. Le mois 0 
est janvier 1999.[] 
 []


Overfull \hbox (28.71945pt too wide) in paragraph at lines 1476--1476
[]        \T1/cmtt/m/n/10.95 duree_souhaite = la duree prevue par le client de 
la phase epargne[] 
 []


Overfull \hbox (45.69456pt too wide) in paragraph at lines 1476--1476
[]        \T1/cmtt/m/n/10.95 # la mensualite pour arrive au montant suhaite dan
s la duree souhaite[] 
 []


Underfull \vbox (badness 10000) has occurred while \output is active []

 [86]
Overfull \hbox (51.35294pt too wide) in paragraph at lines 1476--1476
[]        \T1/cmtt/m/n/10.95 self.mensualite = r * montant_souhaite / ((1+r) **
 duree_souhaite - 1)[] 
 []


Overfull \hbox (40.0362pt too wide) in paragraph at lines 1476--1476
[]        \T1/cmtt/m/n/10.95 encours = [self.mensualite]  # c'est l'encours a l
a date d'ouverture[] 
 []


Overfull \hbox (11.74434pt too wide) in paragraph at lines 1476--1476
[]        \T1/cmtt/m/n/10.95 versements = [self.mensualite]  # le premier mois 
il n'a pas de[] 
 []


Overfull \hbox (17.40271pt too wide) in paragraph at lines 1476--1476
[]        \T1/cmtt/m/n/10.95 clotures = [0]  # c'est l'ouverture du PEL, donc i
l n y a pas de[] 
 []


Overfull \hbox (40.0362pt too wide) in paragraph at lines 1476--1476
[]        \T1/cmtt/m/n/10.95 dernier_mois = min(self.mois_origine + 179, 247)  
# c'est le dernier[] 
 []


Overfull \hbox (34.37782pt too wide) in paragraph at lines 1476--1476
[]        \T1/cmtt/m/n/10.95 # mois a simuler :  soit le pel arrive a l'age max
imal de 180 mois,[] 
 []


Overfull \hbox (0.4276pt too wide) in paragraph at lines 1476--1476
[]        \T1/cmtt/m/n/10.95 # soit le pel arrive au mois actuel; le mois 248 =
 aout 2019.[] 
 []


Overfull \hbox (45.69456pt too wide) in paragraph at lines 1476--1476
[]                \T1/cmtt/m/n/10.95 # si le dernier montant des encours est 0,
 le PEL est fermee,[] 
 []


Underfull \vbox (badness 10000) has occurred while \output is active []

 [87]
Overfull \hbox (40.0362pt too wide) in paragraph at lines 1476--1476
[]                \T1/cmtt/m/n/10.95 # il n y a pas donc des versements ni clot
ures pour les mois[] 
 []


Overfull \hbox (34.37782pt too wide) in paragraph at lines 1476--1476
[]                \T1/cmtt/m/n/10.95 # Le taux de cloture annuel est definie co
mme p + ref, avec[] 
 []


Overfull \hbox (57.0113pt too wide) in paragraph at lines 1476--1476
[]                \T1/cmtt/m/n/10.95 # p une variable qui depend de l'age du pe
l et ref une variable[] 
 []


Overfull \hbox (23.06108pt too wide) in paragraph at lines 1476--1476
[]                \T1/cmtt/m/n/10.95 # qui depend des taux du pel et des condit
ions de marche.[] 
 []


Overfull \hbox (40.0362pt too wide) in paragraph at lines 1476--1476
[]                \T1/cmtt/m/n/10.95 # On prend ref = 5*(taux marche -taux pel)
. Plus grande ref,[] 
 []


Overfull \hbox (17.40271pt too wide) in paragraph at lines 1476--1476
[]                \T1/cmtt/m/n/10.95 # (un grand ecart) le taux de cloture annu
el va aumenter[] 
 []


Overfull \hbox (34.37782pt too wide) in paragraph at lines 1476--1476
[]                \T1/cmtt/m/n/10.95 # 0.02 + 0.25 * euribor_1a (la regression 
linaire fait dans[] 
 []


Overfull \hbox (28.71945pt too wide) in paragraph at lines 1476--1476
[]                                                 \T1/cmtt/m/n/10.95 taux_pel=
self.tx_epargne,[] 
 []


Underfull \vbox (badness 10000) has occurred while \output is active []

 [88]
Overfull \hbox (11.74434pt too wide) in paragraph at lines 1476--1476
[]                        \T1/cmtt/m/n/10.95 # le montant a verser va increment
er si le taux[] 
 []


Overfull \hbox (28.71945pt too wide) in paragraph at lines 1476--1476
[]                        \T1/cmtt/m/n/10.95 # marche es base par rapport au ta
ux du pel, c'est[] 
 []


Overfull \hbox (28.71945pt too wide) in paragraph at lines 1476--1476
[]                                        \T1/cmtt/m/n/10.95 * max(1, 1-ref+0.2
5 * RS.normal())[] 
 []


Underfull \vbox (badness 10000) has occurred while \output is active []

 [89]
Overfull \hbox (11.74434pt too wide) in paragraph at lines 1476--1476
[]                        \T1/cmtt/m/n/10.95 versements += [min(61200 - encours
[-1] * (1+r),[] 
 []


Overfull \hbox (34.37782pt too wide) in paragraph at lines 1476--1476
[]                        \T1/cmtt/m/n/10.95 encours += [encours[-1] * (1 + r) 
+ versements[-1]][] 
 []


Underfull \vbox (badness 10000) has occurred while \output is active []

 [90]
Overfull \hbox (11.74434pt too wide) in paragraph at lines 1476--1476
[]        \T1/cmtt/m/n/10.95 # est de 2.5% annuel le deux premiers annes de ouv
erture du pel[] 
 []


Overfull \hbox (51.35294pt too wide) in paragraph at lines 1476--1476
[]        \T1/cmtt/m/n/10.95 p = 1 - (max(0, 0.95 - ref)) ** (1 / 12)  # 5% ann
uel avant le 4 anne.[] 
 []


Underfull \vbox (badness 10000) has occurred while \output is active []

 [91]
[92]
Overfull \hbox (6.08597pt too wide) in paragraph at lines 1616--1616
[]    \T1/cmtt/m/n/10.95 donne le taux pel de la phase epargne pour un PEL ouve
rt a la date[] 
 []


Overfull \hbox (0.4276pt too wide) in paragraph at lines 1616--1616
[]    \T1/cmtt/m/n/10.95 La variable num_mois est la date en nombre de mois dep
uis janvier[] 
 []


Overfull \hbox (17.40271pt too wide) in paragraph at lines 1616--1616
[]    \T1/cmtt/m/n/10.95 Par example : Pour obtenir le taux PEL de la phase epa
rgne de un PEL[] 
 []


Underfull \vbox (badness 10000) has occurred while \output is active []

 [93]
Overfull \hbox (23.06108pt too wide) in paragraph at lines 1616--1616
[]        \T1/cmtt/m/n/10.95 return taux_epargne_PEL(mois=mois, anne=anne, num_
mois=num_mois)\[] 
 []


Overfull \hbox (23.06108pt too wide) in paragraph at lines 1616--1616
[]        \T1/cmtt/m/n/10.95 return taux_epargne_PEL(mois=mois, anne=anne, num_
mois=num_mois)\[] 
 []


Overfull \hbox (11.74434pt too wide) in paragraph at lines 1616--1616
[]\T1/cmtt/m/n/10.95 # on obtient une liste avec le taux pel de epargne et pret
 pour les 248[] 
 []


Underfull \vbox (badness 10000) has occurred while \output is active []

 [94]
Overfull \hbox (17.40271pt too wide) in paragraph at lines 1616--1616
[]\T1/cmtt/m/n/10.95 # on regarde graphiquement la relation entre le taux pel (
phase epargne)[] 
 []


Overfull \hbox (28.71945pt too wide) in paragraph at lines 1616--1616
[]    \T1/cmtt/m/n/10.95 # plt.plot(t, np.array(euribor_1a), '--', label="eurib
or",  t,  # 'bs'[] 
 []


Overfull \hbox (28.71945pt too wide) in paragraph at lines 1616--1616
[]    \T1/cmtt/m/n/10.95 #          np.array(taux_pel_epargne), '.-', label="ta
ux pel")  # 'g^'[] 
 []


Overfull \hbox (57.0113pt too wide) in paragraph at lines 1616--1616
[]    \T1/cmtt/m/n/10.95 # ====================================================
=====================[] 
 []


Overfull \hbox (23.06108pt too wide) in paragraph at lines 1616--1616
[]    \T1/cmtt/m/n/10.95 # soit x le taux euribor  1 an et y le taux pel (phase
 epargne). Pour[] 
 []


Overfull \hbox (28.71945pt too wide) in paragraph at lines 1616--1616
[]    \T1/cmtt/m/n/10.95 # un proxi du marche. Il y a une relation entre le tau
x pel et le taux[] 
 []


Overfull \hbox (45.69456pt too wide) in paragraph at lines 1616--1616
[]    \T1/cmtt/m/n/10.95 # euribor : y = a + bx + e. On calcule les coeficients
 a et b par moindre[] 
 []


Underfull \vbox (badness 10000) has occurred while \output is active []

 [95]
Overfull \hbox (40.0362pt too wide) in paragraph at lines 1616--1616
[]    \T1/cmtt/m/n/10.95 # donc a = 0.02 et b = 0.25. Le coefficient de correla
tion entre le taux[] 
 []


Overfull \hbox (28.71945pt too wide) in paragraph at lines 1616--1616
[]    \T1/cmtt/m/n/10.95 # Commentaire: pour le cloture et les versements excep
tionels, le gens[] 
 []


Overfull \hbox (40.0362pt too wide) in paragraph at lines 1616--1616
[]    \T1/cmtt/m/n/10.95 # prend en consideration le taux pel par rappor au con
ditions du marche.[] 
 []


Overfull \hbox (23.06108pt too wide) in paragraph at lines 1616--1616
[]    \T1/cmtt/m/n/10.95 # Le proxi du marche a utiliser est, du au regression 
lineaire decrit[] 
 []


Overfull \hbox (57.0113pt too wide) in paragraph at lines 1616--1616
[]    \T1/cmtt/m/n/10.95 # r = 0.02 +0.25*taux_euribor_1a. Si taux_pel-r est el
eve le gens realisent[] 
 []


Overfull \hbox (11.74434pt too wide) in paragraph at lines 1616--1616
[]    \T1/cmtt/m/n/10.95 # des versement exceptionnels et peut de clotures. Au 
contraire, si[] 
 []


Overfull \hbox (57.0113pt too wide) in paragraph at lines 1616--1616
[]    \T1/cmtt/m/n/10.95 # taux_pel-r est basse (le conditions du marche sont p
lus rentables que les[] 
 []


Overfull \hbox (51.35294pt too wide) in paragraph at lines 1616--1616
[]    \T1/cmtt/m/n/10.95 # taux pel du contrat... qui va rester fixe), le gens 
vont cloturer le pel[] 
 []


Overfull \hbox (0.4276pt too wide) in paragraph at lines 1708--1708
[]\T1/cmtt/m/n/10.95 module que calcule la regression non parametrique o kernel
 regression[] 
 []

[96]
Overfull \hbox (23.06108pt too wide) in paragraph at lines 1708--1708
[]        \T1/cmtt/m/n/10.95 X est une matriz (numpy 2D array) avec les variabl
es explicatives[] 
 []


Overfull \hbox (0.4276pt too wide) in paragraph at lines 1708--1708
[]        \T1/cmtt/m/n/10.95 h est la fenetre de lissage pour le vecteur des ob
servations.[] 
 []


Overfull \hbox (23.06108pt too wide) in paragraph at lines 1708--1708
[]        \T1/cmtt/m/n/10.95 f est la function kernel a utiliser : f = gaussien
ne par default.[] 
 []


Underfull \vbox (badness 10000) has occurred while \output is active []

 [97]
Overfull \hbox (11.74434pt too wide) in paragraph at lines 1708--1708
[]        \T1/cmtt/m/n/10.95 x et h sont de largeur le nombre de colonnes des o
bservatios X.[] 
 []


Underfull \vbox (badness 10000) has occurred while \output is active []

 [98]
[99]
Overfull \hbox (6.08597pt too wide) in paragraph at lines 1952--1952
[]    \T1/cmtt/m/n/10.95 S1 = (sigma ** 2) * B(a, 1 / 12) * B(a, T1) * B(a, T2)
 / (T1 * T2)[] 
 []


Underfull \vbox (badness 10000) has occurred while \output is active []

 [100]
Overfull \hbox (17.40271pt too wide) in paragraph at lines 1952--1952
[]            \T1/cmtt/m/n/10.95 matrice[i, j] = cov_theorique(T1, T2, a, b, si
gma, eta, rho)[] 
 []


Underfull \vbox (badness 10000) has occurred while \output is active []

 [101]
Overfull \hbox (17.40271pt too wide) in paragraph at lines 1952--1952
[]            \T1/cmtt/m/n/10.95 N = RS.multivariate_normal(mean=np.array([0, 0
]), cov=m_cov)[] 
 []


Underfull \vbox (badness 10000) has occurred while \output is active []

 [102]
Overfull \hbox (51.35294pt too wide) in paragraph at lines 1952--1952
[]    \T1/cmtt/m/n/10.95 def simula_XY(self, x0=0, y0=0, pas=1/12, num_pas=12, 
num_sim=1, RS=None):[] 
 []


Overfull \hbox (23.06108pt too wide) in paragraph at lines 1952--1952
[]        \T1/cmtt/m/n/10.95 return (np.array(X), np.array(Y))  # X.shape = [nu
m_sim, num_pas][] 
 []


Overfull \hbox (34.37782pt too wide) in paragraph at lines 1952--1952
[]    \T1/cmtt/m/n/10.95 def add_XY(self, x0=0, y0=0, pas=1/12, num_pas=12, num
_sim=1, RS=None):[] 
 []


Overfull \hbox (0.4276pt too wide) in paragraph at lines 1952--1952
[]        \T1/cmtt/m/n/10.95 simule le trajectoires du taux avec courbe initial
 f^M=courbe[] 
 []


Underfull \vbox (badness 10000) has occurred while \output is active []

 [103]
Overfull \hbox (23.06108pt too wide) in paragraph at lines 1952--1952
[]        \T1/cmtt/m/n/10.95 Vt = -0.5 * V(T, *para) + 0.5 * np.array([V(T + n 
* pas, *para) -[] 
 []


Overfull \hbox (28.71945pt too wide) in paragraph at lines 1952--1952
[]                                                 \T1/cmtt/m/n/10.95 for n in 
range(num_pas)])[] 
 []


Underfull \vbox (badness 10000) has occurred while \output is active []

 [104]
Overfull \hbox (6.08597pt too wide) in paragraph at lines 1952--1952
[]    \T1/cmtt/m/n/10.95 # on fait un graphique de la courbe de taux avec kerne
l regression[] 
 []


Underfull \vbox (badness 10000) has occurred while \output is active []

 [105]
Underfull \vbox (badness 10000) has occurred while \output is active []

 [106]
Underfull \vbox (badness 10000) has occurred while \output is active []

 [107]
Overfull \hbox (0.4276pt too wide) in paragraph at lines 2117--2117
[]\T1/cmtt/m/n/10.95 module pour construire la classe Pel, que define une compt
e d'épargne[] 
 []


Overfull \hbox (6.08597pt too wide) in paragraph at lines 2117--2117
[]\T1/cmtt/m/n/10.95 logement d'un mois d'origine donné. Les elements de la cla
sse simulent[] 
 []


Overfull \hbox (0.4276pt too wide) in paragraph at lines 2117--2117
[]\T1/cmtt/m/n/10.95 leur encours par rapport au simulations de Monte Carlo du 
modèle G2++[] 
 []

[108]
Underfull \vbox (badness 10000) has occurred while \output is active []

 [109]
Overfull \hbox (34.37782pt too wide) in paragraph at lines 2117--2117
[]            \T1/cmtt/m/n/10.95 tx_vs_i = [tx_versements(self.age + i, simu[i]
 - self.taux_pel)[] 
 []


Overfull \hbox (17.40271pt too wide) in paragraph at lines 2117--2117
[]                                 \T1/cmtt/m/n/10.95 encours[:, -1] * (verseme
nts[:, mois] -[] 
 []


Overfull \hbox (0.4276pt too wide) in paragraph at lines 2117--2117
[]                                                   \T1/cmtt/m/n/10.95 cloture
s[:, mois])[] 
 []


Underfull \vbox (badness 10000) has occurred while \output is active []

 [110]
Overfull \hbox (23.06108pt too wide) in paragraph at lines 2117--2117
[]    \T1/cmtt/m/n/10.95 plt.plot(t, np.percentile(pel.encours, q=97.5, axis=0)
, color="blue",[] 
 []


Overfull \hbox (11.74434pt too wide) in paragraph at lines 2117--2117
[]    \T1/cmtt/m/n/10.95 plt.plot(t, np.percentile(pel.encours, q=2.5, axis=0),
 color="red",[] 
 []


Underfull \vbox (badness 10000) has occurred while \output is active []

 [111]
Overfull \hbox (0.4276pt too wide) in paragraph at lines 2117--2117
[]    \T1/cmtt/m/n/10.95 # on fait un graphique de deux simulations de factor d
e discount.[] 
 []


Overfull \hbox (11.74434pt too wide) in paragraph at lines 2117--2117
[]             \T1/cmtt/m/n/10.95 linewidth=1.5, linestyle="-", label="DF pour 
siulation 0")[] 
 []


Overfull \hbox (17.40271pt too wide) in paragraph at lines 2117--2117
[]             \T1/cmtt/m/n/10.95 linewidth=1.5, linestyle="--", label="DF pour
 siulation 1")[] 
 []


Overfull \hbox (17.40271pt too wide) in paragraph at lines 2117--2117
[]\T1/cmtt/m/n/10.95 # taux reference : On prend le taux OAT 10 ans plafonée a 
0.75% (plafond[] 
 []


Overfull \hbox (57.0113pt too wide) in paragraph at lines 2117--2117
[]\T1/cmtt/m/n/10.95 # Son taux est déterminé par une formule liée aux taux cou
rts et à l'inflation,[] 
 []


Overfull \hbox (28.71945pt too wide) in paragraph at lines 2117--2117
[]\T1/cmtt/m/n/10.95 # exceptionnellement à la règle. Ce taux sert de référence
 pour déterminer[] 
 []


Underfull \vbox (badness 10000) has occurred while \output is active []

 [112]
Overfull \hbox (0.4276pt too wide) in paragraph at lines 2117--2117
[]    \T1/cmtt/m/n/10.95 # on fait un graphique de deux simulations de factor d
e discount.[] 
 []


Overfull \hbox (45.69456pt too wide) in paragraph at lines 2117--2117
[]             \T1/cmtt/m/n/10.95 linewidth=1.5, linestyle="-", label="Taux Ref
 pour siulation 0")[] 
 []


Overfull \hbox (51.35294pt too wide) in paragraph at lines 2117--2117
[]             \T1/cmtt/m/n/10.95 linewidth=1.5, linestyle="--", label="Taux Re
f pour siulation 1")[] 
 []

[113] (memoire.aux) )
(\end occurred inside a group at level 1)

### simple group (level 1) entered at line 975 ({)
### bottom level 
Here is how much of TeX's memory you used:
 5514 strings out of 492895
 93790 string characters out of 3124202
 171401 words of memory out of 3000000
 9291 multiletter control sequences out of 15000+200000
 20204 words of font info for 47 fonts, out of 3000000 for 9000
 1141 hyphenation exceptions out of 8191
 41i,12n,46p,1200b,455s stack positions out of 5000i,500n,10000p,200000b,50000s
 <C:\Users\Alex\AppData\Local\MiKTeX\2.9\fonts/pk/ljfour/jknapp
en/ec/dpi600\ectt1095.pk> <C:\Users\Alex\AppData\Local\MiKTeX\2.9\fonts/pk/ljfo
ur/jknappen/ec/dpi600\ectt1200.pk> <C:\Users\Alex\AppData\Local\MiKTeX\2.9\font
s/pk/ljfour/jknappen/ec/dpi600\tcti1200.pk> <C:\Users\Alex\AppData\Local\MiKTeX
\2.9\fonts/pk/ljfour/jknappen/ec/dpi600\ecrm1000.pk> <C:\Users\Alex\AppData\Loc
al\MiKTeX\2.9\fonts/pk/ljfour/jknappen/ec/dpi600\ecrm0800.pk> <C:\Users\Alex\Ap
pData\Local\MiKTeX\2.9\fonts/pk/ljfour/jknappen/ec/dpi600\ecbx1440.pk> <C:\User
s\Alex\AppData\Local\MiKTeX\2.9\fonts/pk/ljfour/jknappen/ec/dpi600\eccc1200.pk>
 <C:\Users\Alex\AppData\Local\MiKTeX\2.9\fonts/pk/ljfour/jknappen/ec/dpi600\ect
i1200.pk> <C:\Users\Alex\AppData\Local\MiKTeX\2.9\fonts/pk/ljfour/jknappen/ec/d
pi600\tcrm1200.pk> <C:\Users\Alex\AppData\Local\MiKTeX\2.9\fonts/pk/ljfour/jkna
ppen/ec/dpi600\ecbx1728.pk> <C:\Users\Alex\AppData\Local\MiKTeX\2.9\fonts/pk/lj
four/jknappen/ec/dpi600\ecsl1200.pk> <C:\Users\Alex\AppData\Local\MiKTeX\2.9\fo
nts/pk/ljfour/jknappen/ec/dpi600\ecbx1200.pk> <C:\Users\Alex\AppData\Local\MiKT
eX\2.9\fonts/pk/ljfour/jknappen/ec/dpi600\ecrm1200.pk> <C:\Users\Alex\AppData\L
ocal\MiKTeX\2.9\fonts/pk/ljfour/jknappen/ec/dpi600\ecbx2488.pk><C:/Users/Alex/A
ppData/Local/Programs/MiKTeX 2.9/fonts/type1/public/amsfonts/cm/cmex10.pfb><C:/
Users/Alex/AppData/Local/Programs/MiKTeX 2.9/fonts/type1/public/amsfonts/cm/cmm
i10.pfb><C:/Users/Alex/AppData/Local/Programs/MiKTeX 2.9/fonts/type1/public/ams
fonts/cm/cmmi12.pfb><C:/Users/Alex/AppData/Local/Programs/MiKTeX 2.9/fonts/type
1/public/amsfonts/cm/cmmi6.pfb><C:/Users/Alex/AppData/Local/Programs/MiKTeX 2.9
/fonts/type1/public/amsfonts/cm/cmmi8.pfb><C:/Users/Alex/AppData/Local/Programs
/MiKTeX 2.9/fonts/type1/public/amsfonts/cm/cmr12.pfb><C:/Users/Alex/AppData/Loc
al/Programs/MiKTeX 2.9/fonts/type1/public/amsfonts/cm/cmr17.pfb><C:/Users/Alex/
AppData/Local/Programs/MiKTeX 2.9/fonts/type1/public/amsfonts/cm/cmr6.pfb><C:/U
sers/Alex/AppData/Local/Programs/MiKTeX 2.9/fonts/type1/public/amsfonts/cm/cmr8
.pfb><C:/Users/Alex/AppData/Local/Programs/MiKTeX 2.9/fonts/type1/public/amsfon
ts/cm/cmsy10.pfb><C:/Users/Alex/AppData/Local/Programs/MiKTeX 2.9/fonts/type1/p
ublic/amsfonts/cm/cmsy8.pfb><C:/Users/Alex/AppData/Local/Programs/MiKTeX 2.9/fo
nts/type1/public/eurosym/feymo10.pfb><C:/Users/Alex/AppData/Local/Programs/MiKT
eX 2.9/fonts/type1/public/eurosym/feymr10.pfb>
Output written on memoire.pdf (113 pages, 856065 bytes).
PDF statistics:
 1060 PDF objects out of 1200 (max. 8388607)
 0 named destinations out of 1000 (max. 500000)
 61 words of extra memory for PDF output out of 10000 (max. 10000000)

